#
# There is insufficient memory for the Java Runtime Environment to continue.
# Native memory allocation (malloc) failed to allocate 889072 bytes for Chunk::new
# Possible reasons:
#   The system is out of physical RAM or swap space
#   The process is running with CompressedOops enabled, and the Java Heap may be blocking the growth of the native heap
# Possible solutions:
#   Reduce memory load on the system
#   Increase physical memory or swap space
#   Check if swap backing store is full
#   Decrease Java heap size (-Xmx/-Xms)
#   Decrease number of Java threads
#   Decrease Java thread stack sizes (-Xss)
#   Set larger code cache with -XX:ReservedCodeCacheSize=
#   JVM is running with Zero Based Compressed Oops mode in which the Java heap is
#     placed in the first 32GB address space. The Java Heap base address is the
#     maximum limit for the native heap growth. Please use -XX:HeapBaseMinAddress
#     to set the Java Heap base and to place the Java Heap above 32GB virtual address.
# This output file may be truncated or incomplete.
#
#  Out of Memory Error (./open/src/hotspot/share/memory/arena.cpp:195), pid=25832, tid=2812
#
# JRE version: OpenJDK Runtime Environment (15.0.2+7) (build 15.0.2+7-27)
# Java VM: OpenJDK 64-Bit Server VM (15.0.2+7-27, mixed mode, tiered, compressed oops, g1 gc, windows-amd64)
# No core dump will be written. Minidumps are not enabled by default on client versions of Windows
#

---------------  S U M M A R Y ------------

Command Line: -Dfile.encoding=UTF-8 -XX:+ShowCodeDetailsInExceptionMessages com.generation.mysmartwallet.MySmartWalletApplication

Host: 11th Gen Intel(R) Core(TM) i9-11900H @ 2.50GHz, 16 cores, 15G,  Windows 10 , 64 bit Build 22621 (10.0.22621.1344)
Time: Wed Mar 22 22:17:02 2023 ora solare Europa occidentale elapsed time: 36.304321 seconds (0d 0h 0m 36s)

---------------  T H R E A D  ---------------

Current thread (0x0000017f96cadc10):  JavaThread "C2 CompilerThread2" daemon [_thread_in_native, id=2812, stack(0x0000003c84000000,0x0000003c84100000)]


Current CompileTask:
C2:  36304 6886       4       java.util.Locale::forLanguageTag (74 bytes)

Stack: [0x0000003c84000000,0x0000003c84100000]
Native frames: (J=compiled Java code, j=interpreted, Vv=VM code, C=native code)
V  [jvm.dll+0x62ae9a]
V  [jvm.dll+0x7817a9]
V  [jvm.dll+0x782f03]
V  [jvm.dll+0x783563]
V  [jvm.dll+0x216325]
V  [jvm.dll+0x97f3a]
V  [jvm.dll+0x9861c]
V  [jvm.dll+0x32e305]
V  [jvm.dll+0x18e3b1]
V  [jvm.dll+0x1ea822]
V  [jvm.dll+0x1e996e]
V  [jvm.dll+0x178567]
V  [jvm.dll+0x1f9225]
V  [jvm.dll+0x1f72cc]
V  [jvm.dll+0x74495d]
V  [jvm.dll+0x73d75a]
V  [jvm.dll+0x629c56]
C  [ucrtbase.dll+0x29363]
C  [KERNEL32.DLL+0x126bd]
C  [ntdll.dll+0x5a9f8]


---------------  P R O C E S S  ---------------

Threads class SMR info:
_java_thread_list=0x0000017f990deaf0, length=33, elements={
0x0000017fffcb71e0, 0x0000017fffcb81d0, 0x0000017f957cfe30, 0x0000017f957ea610,
0x0000017f957ec4f0, 0x0000017f957f6540, 0x0000017f957f6a50, 0x0000017f95808f50,
0x0000017f9597f640, 0x0000017f95993710, 0x0000017f992933e0, 0x0000017f991be300,
0x0000017f98fe5e30, 0x0000017f99d16530, 0x0000017f98490090, 0x0000017f98fe2870,
0x0000017f9b5985f0, 0x0000017f9a856040, 0x0000017f9734ce70, 0x0000017f9734bb30,
0x0000017f9734b660, 0x0000017f985a4d40, 0x0000017f985a21f0, 0x0000017f985a3060,
0x0000017f985a09e0, 0x0000017f985a1380, 0x0000017f985a1850, 0x0000017f9717b970,
0x0000017f96cadc10, 0x0000017f9a735750, 0x0000017f9b7ac000, 0x0000017f96db6660,
0x0000017f98d52aa0
}

Java Threads: ( => current thread )
  0x0000017fffcb71e0 JavaThread "Reference Handler" daemon [_thread_blocked, id=18156, stack(0x0000003c81600000,0x0000003c81700000)]
  0x0000017fffcb81d0 JavaThread "Finalizer" daemon [_thread_blocked, id=20864, stack(0x0000003c81700000,0x0000003c81800000)]
  0x0000017f957cfe30 JavaThread "Signal Dispatcher" daemon [_thread_blocked, id=19332, stack(0x0000003c81800000,0x0000003c81900000)]
  0x0000017f957ea610 JavaThread "Attach Listener" daemon [_thread_blocked, id=9372, stack(0x0000003c81900000,0x0000003c81a00000)]
  0x0000017f957ec4f0 JavaThread "Service Thread" daemon [_thread_blocked, id=28648, stack(0x0000003c81a00000,0x0000003c81b00000)]
  0x0000017f957f6540 JavaThread "C2 CompilerThread0" daemon [_thread_in_native, id=26420, stack(0x0000003c81b00000,0x0000003c81c00000)]
  0x0000017f957f6a50 JavaThread "C1 CompilerThread0" daemon [_thread_blocked, id=19936, stack(0x0000003c81c00000,0x0000003c81d00000)]
  0x0000017f95808f50 JavaThread "Sweeper thread" daemon [_thread_blocked, id=25388, stack(0x0000003c81d00000,0x0000003c81e00000)]
  0x0000017f9597f640 JavaThread "Notification Thread" daemon [_thread_blocked, id=9488, stack(0x0000003c82000000,0x0000003c82100000)]
  0x0000017f95993710 JavaThread "Common-Cleaner" daemon [_thread_blocked, id=23824, stack(0x0000003c82200000,0x0000003c82300000)]
  0x0000017f992933e0 JavaThread "Catalina-utility-1" [_thread_blocked, id=12696, stack(0x0000003c82e00000,0x0000003c82f00000)]
  0x0000017f991be300 JavaThread "Catalina-utility-2" [_thread_blocked, id=27508, stack(0x0000003c82f00000,0x0000003c83000000)]
  0x0000017f98fe5e30 JavaThread "container-0" [_thread_blocked, id=24472, stack(0x0000003c83000000,0x0000003c83100000)]
  0x0000017f99d16530 JavaThread "mysql-cj-abandoned-connection-cleanup" daemon [_thread_blocked, id=5464, stack(0x0000003c83100000,0x0000003c83200000)]
  0x0000017f98490090 JavaThread "http-nio-8080-exec-1" daemon [_thread_blocked, id=4488, stack(0x0000003c83200000,0x0000003c83300000)]
  0x0000017f98fe2870 JavaThread "http-nio-8080-exec-2" daemon [_thread_blocked, id=22232, stack(0x0000003c83300000,0x0000003c83400000)]
  0x0000017f9b5985f0 JavaThread "http-nio-8080-exec-3" daemon [_thread_blocked, id=17032, stack(0x0000003c83400000,0x0000003c83500000)]
  0x0000017f9a856040 JavaThread "http-nio-8080-exec-4" daemon [_thread_blocked, id=11660, stack(0x0000003c83500000,0x0000003c83600000)]
  0x0000017f9734ce70 JavaThread "http-nio-8080-exec-5" daemon [_thread_in_native, id=13876, stack(0x0000003c83600000,0x0000003c83700000)]
  0x0000017f9734bb30 JavaThread "http-nio-8080-exec-6" daemon [_thread_in_native, id=13844, stack(0x0000003c83700000,0x0000003c83800000)]
  0x0000017f9734b660 JavaThread "http-nio-8080-exec-7" daemon [_thread_in_vm, id=9076, stack(0x0000003c83800000,0x0000003c83900000)]
  0x0000017f985a4d40 JavaThread "http-nio-8080-exec-8" daemon [_thread_blocked, id=2312, stack(0x0000003c83900000,0x0000003c83a00000)]
  0x0000017f985a21f0 JavaThread "http-nio-8080-exec-9" daemon [_thread_blocked, id=26296, stack(0x0000003c83a00000,0x0000003c83b00000)]
  0x0000017f985a3060 JavaThread "http-nio-8080-exec-10" daemon [_thread_blocked, id=2552, stack(0x0000003c83b00000,0x0000003c83c00000)]
  0x0000017f985a09e0 JavaThread "http-nio-8080-Poller" daemon [_thread_in_native, id=18720, stack(0x0000003c83c00000,0x0000003c83d00000)]
  0x0000017f985a1380 JavaThread "http-nio-8080-Acceptor" daemon [_thread_in_native, id=4000, stack(0x0000003c83d00000,0x0000003c83e00000)]
  0x0000017f985a1850 JavaThread "DestroyJavaVM" [_thread_blocked, id=200, stack(0x0000003c80f00000,0x0000003c81000000)]
  0x0000017f9717b970 JavaThread "C2 CompilerThread1" daemon [_thread_in_native, id=21368, stack(0x0000003c82d00000,0x0000003c82e00000)]
=>0x0000017f96cadc10 JavaThread "C2 CompilerThread2" daemon [_thread_in_native, id=2812, stack(0x0000003c84000000,0x0000003c84100000)]
  0x0000017f9a735750 JavaThread "C2 CompilerThread3" daemon [_thread_in_native, id=22324, stack(0x0000003c84100000,0x0000003c84200000)]
  0x0000017f9b7ac000 JavaThread "C2 CompilerThread4" daemon [_thread_in_native, id=7588, stack(0x0000003c84200000,0x0000003c84300000)]
  0x0000017f96db6660 JavaThread "C2 CompilerThread5" daemon [_thread_in_native, id=28116, stack(0x0000003c84300000,0x0000003c84400000)]
  0x0000017f98d52aa0 JavaThread "C2 CompilerThread6" daemon [_thread_in_native, id=11032, stack(0x0000003c84400000,0x0000003c84500000)]

Other Threads:
  0x0000017fffcb2e10 VMThread "VM Thread" [stack: 0x0000003c81500000,0x0000003c81600000] [id=8744]
  0x0000017f95983b20 WatcherThread [stack: 0x0000003c82100000,0x0000003c82200000] [id=11832]
  0x0000017ff52f97c0 GCTaskThread "GC Thread#0" [stack: 0x0000003c81000000,0x0000003c81100000] [id=4112]
  0x0000017f95b18d60 GCTaskThread "GC Thread#1" [stack: 0x0000003c82500000,0x0000003c82600000] [id=22700]
  0x0000017f95b1b3a0 GCTaskThread "GC Thread#2" [stack: 0x0000003c82600000,0x0000003c82700000] [id=27820]
  0x0000017f95b1b6d0 GCTaskThread "GC Thread#3" [stack: 0x0000003c82700000,0x0000003c82800000] [id=20724]
  0x0000017f95b1a3b0 GCTaskThread "GC Thread#4" [stack: 0x0000003c82800000,0x0000003c82900000] [id=8364]
  0x0000017f95b193c0 GCTaskThread "GC Thread#5" [stack: 0x0000003c82900000,0x0000003c82a00000] [id=18040]
  0x0000017f95b183d0 GCTaskThread "GC Thread#6" [stack: 0x0000003c83e00000,0x0000003c83f00000] [id=27640]
  0x0000017f95b196f0 GCTaskThread "GC Thread#7" [stack: 0x0000003c83f00000,0x0000003c84000000] [id=12852]
  0x0000017ff530a420 ConcurrentGCThread "G1 Main Marker" [stack: 0x0000003c81100000,0x0000003c81200000] [id=1660]
  0x0000017ff530add0 ConcurrentGCThread "G1 Conc#0" [stack: 0x0000003c81200000,0x0000003c81300000] [id=10248]
  0x0000017f95b18a30 ConcurrentGCThread "G1 Conc#1" [stack: 0x0000003c82b00000,0x0000003c82c00000] [id=19912]
  0x0000017f95b18700 ConcurrentGCThread "G1 Conc#2" [stack: 0x0000003c82c00000,0x0000003c82d00000] [id=20676]
  0x0000017fffb4d530 ConcurrentGCThread "G1 Refine#0" [stack: 0x0000003c81300000,0x0000003c81400000] [id=2908]
  0x0000017fffb50a30 ConcurrentGCThread "G1 Young RemSet Sampling" [stack: 0x0000003c81400000,0x0000003c81500000] [id=5032]

Threads with active compile tasks:
C2 CompilerThread0    36362 6921       4       org.apache.tomcat.util.buf.MessageBytes::equals (78 bytes)
C2 CompilerThread1    36362 6916   !   4       org.apache.catalina.core.ContainerBase::getRealm (80 bytes)
C2 CompilerThread2    36363 6886       4       java.util.Locale::forLanguageTag (74 bytes)
C2 CompilerThread3    36363 6907   !   4       org.apache.tomcat.util.http.Parameters::processParameters (1296 bytes)
C2 CompilerThread4    36363 6851       4       org.springframework.core.annotation.TypeMappedAnnotations::scan (62 bytes)
C2 CompilerThread5    36363 6852       4       org.springframework.core.annotation.AnnotationsScanner::scan (18 bytes)
C2 CompilerThread6    36364 6869   !   4       org.springframework.core.annotation.AnnotationsScanner::processClassHierarchy (227 bytes)

VM state: not at safepoint (normal execution)

VM Mutex/Monitor currently owned by a thread: None

Heap address: 0x0000000703a00000, size: 4038 MB, Compressed Oops mode: Zero based, Oop shift amount: 3
CDS disabled.
Compressed class space mapped at: 0x0000000800000000-0x0000000840000000, size: 1073741824
Narrow klass base: 0x0000000800000000, Narrow klass shift: 0, Narrow klass range: 0x40000000

GC Precious Log:
 CPUs: 16 total, 16 available
 Memory: 16147M
 Large Page Support: Disabled
 NUMA Support: Disabled
 Compressed Oops: Enabled (Zero based)
 Heap Region Size: 2M
 Heap Min Capacity: 8M
 Heap Initial Capacity: 254M
 Heap Max Capacity: 4038M
 Pre-touch: Disabled
 Parallel Workers: 13
 Concurrent Workers: 3
 Concurrent Refinement Workers: 13
 Periodic GC: Disabled

Heap:
 garbage-first heap   total 55296K, used 29921K [0x0000000703a00000, 0x0000000800000000)
  region size 2048K, 4 young (8192K), 1 survivors (2048K)
 Metaspace       used 46287K, capacity 46705K, committed 46848K, reserved 1091584K
  class space    used 4869K, capacity 5008K, committed 5120K, reserved 1048576K

Heap Regions: E=young(eden), S=young(survivor), O=old, HS=humongous(starts), HC=humongous(continues), CS=collection set, F=free, OA=open archive, CA=closed archive, TAMS=top-at-mark-start (previous, next)
|   0|0x0000000703a00000, 0x0000000703c00000, 0x0000000703c00000|100%| O|  |TAMS 0x0000000703c00000, 0x0000000703a00000| Untracked 
|   1|0x0000000703c00000, 0x0000000703e00000, 0x0000000703e00000|100%| O|  |TAMS 0x0000000703e00000, 0x0000000703c00000| Untracked 
|   2|0x0000000703e00000, 0x0000000703e68800, 0x0000000704000000| 20%| O|  |TAMS 0x0000000703e68800, 0x0000000703e00000| Untracked 
|   3|0x0000000704000000, 0x0000000704200000, 0x0000000704200000|100%| O|  |TAMS 0x0000000704200000, 0x0000000704000000| Untracked 
|   4|0x0000000704200000, 0x0000000704400000, 0x0000000704400000|100%| O|  |TAMS 0x0000000704400000, 0x0000000704200000| Untracked 
|   5|0x0000000704400000, 0x0000000704577000, 0x0000000704600000| 73%| O|  |TAMS 0x0000000704577000, 0x0000000704400000| Untracked 
|   6|0x0000000704600000, 0x0000000704800000, 0x0000000704800000|100%| O|  |TAMS 0x0000000704600000, 0x0000000704600000| Untracked 
|   7|0x0000000704800000, 0x0000000704a00000, 0x0000000704a00000|100%| O|  |TAMS 0x0000000704800000, 0x0000000704800000| Untracked 
|   8|0x0000000704a00000, 0x0000000704c00000, 0x0000000704c00000|100%| O|  |TAMS 0x0000000704a00000, 0x0000000704a00000| Untracked 
|   9|0x0000000704c00000, 0x0000000704e00000, 0x0000000704e00000|100%| O|  |TAMS 0x0000000704c00000, 0x0000000704c00000| Untracked 
|  10|0x0000000704e00000, 0x0000000705000000, 0x0000000705000000|100%| O|  |TAMS 0x0000000704e00000, 0x0000000704e00000| Untracked 
|  11|0x0000000705000000, 0x0000000705200000, 0x0000000705200000|100%| O|  |TAMS 0x0000000705000000, 0x0000000705000000| Untracked 
|  12|0x0000000705200000, 0x000000070535ac00, 0x0000000705400000| 67%| O|  |TAMS 0x0000000705200000, 0x0000000705200000| Untracked 
|  13|0x0000000705400000, 0x0000000705400000, 0x0000000705600000|  0%| F|  |TAMS 0x0000000705400000, 0x0000000705400000| Untracked 
|  14|0x0000000705600000, 0x0000000705600000, 0x0000000705800000|  0%| F|  |TAMS 0x0000000705600000, 0x0000000705600000| Untracked 
|  15|0x0000000705800000, 0x0000000705800000, 0x0000000705a00000|  0%| F|  |TAMS 0x0000000705800000, 0x0000000705800000| Untracked 
|  16|0x0000000705a00000, 0x0000000705a00000, 0x0000000705c00000|  0%| F|  |TAMS 0x0000000705a00000, 0x0000000705a00000| Untracked 
|  17|0x0000000705c00000, 0x0000000705c00000, 0x0000000705e00000|  0%| F|  |TAMS 0x0000000705c00000, 0x0000000705c00000| Untracked 
|  18|0x0000000705e00000, 0x0000000705e00000, 0x0000000706000000|  0%| F|  |TAMS 0x0000000705e00000, 0x0000000705e00000| Untracked 
|  19|0x0000000706000000, 0x00000007061fe190, 0x0000000706200000| 99%| S|CS|TAMS 0x0000000706000000, 0x0000000706000000| Complete 
|  20|0x0000000706200000, 0x0000000706200000, 0x0000000706400000|  0%| F|  |TAMS 0x0000000706200000, 0x0000000706200000| Untracked 
|  21|0x0000000706400000, 0x0000000706400000, 0x0000000706600000|  0%| F|  |TAMS 0x0000000706400000, 0x0000000706400000| Untracked 
|  22|0x0000000706600000, 0x0000000706600000, 0x0000000706800000|  0%| F|  |TAMS 0x0000000706600000, 0x0000000706600000| Untracked 
|  23|0x0000000706800000, 0x0000000706800000, 0x0000000706a00000|  0%| F|  |TAMS 0x0000000706800000, 0x0000000706800000| Untracked 
|  24|0x0000000706a00000, 0x0000000706bb2610, 0x0000000706c00000| 84%| E|  |TAMS 0x0000000706a00000, 0x0000000706a00000| Complete 
|  67|0x000000070c000000, 0x000000070c200000, 0x000000070c200000|100%| E|CS|TAMS 0x000000070c000000, 0x000000070c000000| Complete 
| 126|0x0000000713600000, 0x0000000713800000, 0x0000000713800000|100%| E|CS|TAMS 0x0000000713600000, 0x0000000713600000| Complete 

Card table byte_map: [0x0000017ff9d20000,0x0000017ffa510000] _byte_map_base: 0x0000017ff6503000

Marking Bits (Prev, Next): (CMBitMap*) 0x0000017ff52f9d70, (CMBitMap*) 0x0000017ff52f9db0
 Prev Bits: [0x0000017ffad00000, 0x0000017ffec18000)
 Next Bits: [0x0000017f8f000000, 0x0000017f92f18000)

Polling page: 0x0000017ff4a70000

Metaspace:

Usage:
  Non-class:     40.72 MB capacity,    40.45 MB (>99%) used,   218.45 KB ( <1%) free+waste,    60.94 KB ( <1%) overhead. 
      Class:      4.89 MB capacity,     4.76 MB ( 97%) used,   117.25 KB (  2%) free+waste,    20.94 KB ( <1%) overhead. 
       Both:     45.61 MB capacity,    45.20 MB (>99%) used,   335.70 KB ( <1%) free+waste,    81.88 KB ( <1%) overhead. 

Virtual space:
  Non-class space:       42.00 MB reserved,      40.75 MB ( 97%) committed 
      Class space:        1.00 GB reserved,       5.00 MB ( <1%) committed 
             Both:        1.04 GB reserved,      45.75 MB (  4%) committed 

Chunk freelists:
   Non-Class:  31.00 KB
       Class:  16.00 KB
        Both:  47.00 KB

MaxMetaspaceSize: 17179869184.00 GB
CompressedClassSpaceSize: 1.00 GB

CodeHeap 'non-profiled nmethods': size=119168Kb used=3214Kb max_used=3214Kb free=115953Kb
 bounds [0x0000017f87ba0000, 0x0000017f87ed0000, 0x0000017f8f000000]
CodeHeap 'profiled nmethods': size=119104Kb used=14283Kb max_used=14283Kb free=104820Kb
 bounds [0x0000017f80750000, 0x0000017f81550000, 0x0000017f87ba0000]
CodeHeap 'non-nmethods': size=7488Kb used=1272Kb max_used=3047Kb free=6216Kb
 bounds [0x0000017f80000000, 0x0000017f80310000, 0x0000017f80750000]
 total_blobs=6754 nmethods=6216 adapters=450
 compilation: enabled
              stopped_count=0, restarted_count=0
 full_count=0

Compilation events (20 events):
Event: 36.231 Thread 0x0000017f957f6540 nmethod 6638 0x0000017f87ea6d90 code [0x0000017f87ea74c0, 0x0000017f87eae998]
Event: 36.231 Thread 0x0000017f957f6540 6893       4       sun.util.locale.LanguageTag::parseLanguage (55 bytes)
Event: 36.264 Thread 0x0000017f957f6a50 6910       3       java.lang.Integer::formatUnsignedInt (40 bytes)
Event: 36.264 Thread 0x0000017f957f6a50 nmethod 6910 0x0000017f81542a90 code [0x0000017f81542c40, 0x0000017f81542e38]
Event: 36.274 Thread 0x0000017f957f6540 nmethod 6893 0x0000017f87eb3910 code [0x0000017f87eb3b00, 0x0000017f87eb4638]
Event: 36.274 Thread 0x0000017f957f6540 6908       4       org.springframework.util.ClassUtils::isAssignable (84 bytes)
Event: 36.275 Thread 0x0000017f9a735750 nmethod 6902 0x0000017f87eb4d90 code [0x0000017f87eb5000, 0x0000017f87eb5d60]
Event: 36.275 Thread 0x0000017f9a735750 6907   !   4       org.apache.tomcat.util.http.Parameters::processParameters (1296 bytes)
Event: 36.287 Thread 0x0000017f957f6540 nmethod 6908 0x0000017f87eb6990 code [0x0000017f87eb6b40, 0x0000017f87eb6e78]
Event: 36.287 Thread 0x0000017f957f6540 6909       4       org.apache.tomcat.util.buf.CharChunk::equalsIgnoreCase (76 bytes)
Event: 36.288 Thread 0x0000017f9717b970 nmethod 6887 0x0000017f87eb7190 code [0x0000017f87eb75c0, 0x0000017f87ebaf28]
Event: 36.289 Thread 0x0000017f9717b970 6890       4       sun.util.locale.InternalLocaleBuilder::getLocaleExtensions (65 bytes)
Event: 36.291 Thread 0x0000017f9717b970 nmethod 6890 0x0000017f87ebe110 code [0x0000017f87ebe280, 0x0000017f87ebe338]
Event: 36.291 Thread 0x0000017f9717b970 6906       4       jdk.internal.reflect.DelegatingMethodAccessorImpl::invoke (10 bytes)
Event: 36.291 Thread 0x0000017f9717b970 nmethod 6906 0x0000017f87ebe410 code [0x0000017f87ebe580, 0x0000017f87ebe618]
Event: 36.291 Thread 0x0000017f9717b970 6911       4       java.util.stream.StreamOpFlag::fromCharacteristics (37 bytes)
Event: 36.292 Thread 0x0000017f9717b970 nmethod 6911 0x0000017f87ebe710 code [0x0000017f87ebe880, 0x0000017f87ebe8f8]
Event: 36.292 Thread 0x0000017f9717b970 6912       4       java.util.stream.AbstractPipeline::<init> (55 bytes)
Event: 36.295 Thread 0x0000017f957f6540 nmethod 6909 0x0000017f87ebea10 code [0x0000017f87ebebc0, 0x0000017f87ebee68]
Event: 36.295 Thread 0x0000017f957f6540 6900       4       java.util.ArrayList::toArray (57 bytes)

GC Heap History (20 events):
Event: 1.587 GC heap before
{Heap before GC invocations=4 (full 0):
 garbage-first heap   total 34816K, used 19143K [0x0000000703a00000, 0x0000000800000000)
  region size 2048K, 9 young (18432K), 2 survivors (4096K)
 Metaspace       used 25735K, capacity 26034K, committed 26240K, reserved 1073152K
  class space    used 2778K, capacity 2865K, committed 2944K, reserved 1048576K
}
Event: 1.591 GC heap after
{Heap after GC invocations=5 (full 0):
 garbage-first heap   total 34816K, used 7634K [0x0000000703a00000, 0x0000000800000000)
  region size 2048K, 1 young (2048K), 1 survivors (2048K)
 Metaspace       used 25735K, capacity 26034K, committed 26240K, reserved 1073152K
  class space    used 2778K, capacity 2865K, committed 2944K, reserved 1048576K
}
Event: 1.901 GC heap before
{Heap before GC invocations=5 (full 0):
 garbage-first heap   total 34816K, used 21970K [0x0000000703a00000, 0x0000000800000000)
  region size 2048K, 8 young (16384K), 1 survivors (2048K)
 Metaspace       used 28815K, capacity 29095K, committed 29184K, reserved 1075200K
  class space    used 3160K, capacity 3264K, committed 3328K, reserved 1048576K
}
Event: 1.907 GC heap after
{Heap after GC invocations=6 (full 0):
 garbage-first heap   total 34816K, used 8472K [0x0000000703a00000, 0x0000000800000000)
  region size 2048K, 1 young (2048K), 1 survivors (2048K)
 Metaspace       used 28815K, capacity 29095K, committed 29184K, reserved 1075200K
  class space    used 3160K, capacity 3264K, committed 3328K, reserved 1048576K
}
Event: 2.270 GC heap before
{Heap before GC invocations=6 (full 0):
 garbage-first heap   total 34816K, used 22808K [0x0000000703a00000, 0x0000000800000000)
  region size 2048K, 8 young (16384K), 1 survivors (2048K)
 Metaspace       used 32259K, capacity 32579K, committed 32640K, reserved 1079296K
  class space    used 3555K, capacity 3658K, committed 3712K, reserved 1048576K
}
Event: 2.279 GC heap after
{Heap after GC invocations=7 (full 0):
 garbage-first heap   total 34816K, used 10220K [0x0000000703a00000, 0x0000000800000000)
  region size 2048K, 1 young (2048K), 1 survivors (2048K)
 Metaspace       used 32259K, capacity 32579K, committed 32640K, reserved 1079296K
  class space    used 3555K, capacity 3658K, committed 3712K, reserved 1048576K
}
Event: 2.525 GC heap before
{Heap before GC invocations=7 (full 0):
 garbage-first heap   total 34816K, used 22508K [0x0000000703a00000, 0x0000000800000000)
  region size 2048K, 7 young (14336K), 1 survivors (2048K)
 Metaspace       used 34729K, capacity 35056K, committed 35200K, reserved 1081344K
  class space    used 3805K, capacity 3898K, committed 3968K, reserved 1048576K
}
Event: 2.531 GC heap after
{Heap after GC invocations=8 (full 0):
 garbage-first heap   total 147456K, used 11268K [0x0000000703a00000, 0x0000000800000000)
  region size 2048K, 1 young (2048K), 1 survivors (2048K)
 Metaspace       used 34729K, capacity 35056K, committed 35200K, reserved 1081344K
  class space    used 3805K, capacity 3898K, committed 3968K, reserved 1048576K
}
Event: 2.637 GC heap before
{Heap before GC invocations=8 (full 0):
 garbage-first heap   total 147456K, used 17412K [0x0000000703a00000, 0x0000000800000000)
  region size 2048K, 5 young (10240K), 1 survivors (2048K)
 Metaspace       used 35380K, capacity 35721K, committed 35840K, reserved 1081344K
  class space    used 3885K, capacity 4005K, committed 4096K, reserved 1048576K
}
Event: 2.640 GC heap after
{Heap after GC invocations=9 (full 0):
 garbage-first heap   total 147456K, used 11784K [0x0000000703a00000, 0x0000000800000000)
  region size 2048K, 1 young (2048K), 1 survivors (2048K)
 Metaspace       used 35380K, capacity 35721K, committed 35840K, reserved 1081344K
  class space    used 3885K, capacity 4005K, committed 4096K, reserved 1048576K
}
Event: 3.242 GC heap before
{Heap before GC invocations=10 (full 0):
 garbage-first heap   total 55296K, used 40456K [0x0000000703a00000, 0x0000000800000000)
  region size 2048K, 16 young (32768K), 1 survivors (2048K)
 Metaspace       used 41610K, capacity 42009K, committed 42240K, reserved 1087488K
  class space    used 4588K, capacity 4746K, committed 4864K, reserved 1048576K
}
Event: 3.246 GC heap after
{Heap after GC invocations=11 (full 0):
 garbage-first heap   total 55296K, used 15235K [0x0000000703a00000, 0x0000000800000000)
  region size 2048K, 2 young (4096K), 2 survivors (4096K)
 Metaspace       used 41610K, capacity 42009K, committed 42240K, reserved 1087488K
  class space    used 4588K, capacity 4746K, committed 4864K, reserved 1048576K
}
Event: 34.200 GC heap before
{Heap before GC invocations=11 (full 0):
 garbage-first heap   total 55296K, used 35715K [0x0000000703a00000, 0x0000000800000000)
  region size 2048K, 13 young (26624K), 2 survivors (4096K)
 Metaspace       used 45304K, capacity 45745K, committed 46080K, reserved 1089536K
  class space    used 4866K, capacity 5008K, committed 5120K, reserved 1048576K
}
Event: 34.209 GC heap after
{Heap after GC invocations=12 (full 0):
 garbage-first heap   total 55296K, used 18727K [0x0000000703a00000, 0x0000000800000000)
  region size 2048K, 2 young (4096K), 2 survivors (4096K)
 Metaspace       used 45304K, capacity 45745K, committed 46080K, reserved 1089536K
  class space    used 4866K, capacity 5008K, committed 5120K, reserved 1048576K
}
Event: 34.859 GC heap before
{Heap before GC invocations=12 (full 0):
 garbage-first heap   total 55296K, used 37159K [0x0000000703a00000, 0x0000000800000000)
  region size 2048K, 11 young (22528K), 2 survivors (4096K)
 Metaspace       used 46154K, capacity 46577K, committed 46848K, reserved 1091584K
  class space    used 4867K, capacity 5008K, committed 5120K, reserved 1048576K
}
Event: 34.864 GC heap after
{Heap after GC invocations=13 (full 0):
 garbage-first heap   total 55296K, used 21549K [0x0000000703a00000, 0x0000000800000000)
  region size 2048K, 2 young (4096K), 2 survivors (4096K)
 Metaspace       used 46154K, capacity 46577K, committed 46848K, reserved 1091584K
  class space    used 4867K, capacity 5008K, committed 5120K, reserved 1048576K
}
Event: 35.563 GC heap before
{Heap before GC invocations=13 (full 0):
 garbage-first heap   total 55296K, used 37933K [0x0000000703a00000, 0x0000000800000000)
  region size 2048K, 10 young (20480K), 2 survivors (4096K)
 Metaspace       used 46278K, capacity 46641K, committed 46848K, reserved 1091584K
  class space    used 4869K, capacity 5008K, committed 5120K, reserved 1048576K
}
Event: 35.569 GC heap after
{Heap after GC invocations=14 (full 0):
 garbage-first heap   total 55296K, used 23947K [0x0000000703a00000, 0x0000000800000000)
  region size 2048K, 2 young (4096K), 2 survivors (4096K)
 Metaspace       used 46278K, capacity 46641K, committed 46848K, reserved 1091584K
  class space    used 4869K, capacity 5008K, committed 5120K, reserved 1048576K
}
Event: 36.190 GC heap before
{Heap before GC invocations=14 (full 0):
 garbage-first heap   total 55296K, used 38283K [0x0000000703a00000, 0x0000000800000000)
  region size 2048K, 9 young (18432K), 2 survivors (4096K)
 Metaspace       used 46287K, capacity 46705K, committed 46848K, reserved 1091584K
  class space    used 4869K, capacity 5008K, committed 5120K, reserved 1048576K
}
Event: 36.205 GC heap after
{Heap after GC invocations=15 (full 0):
 garbage-first heap   total 55296K, used 25825K [0x0000000703a00000, 0x0000000800000000)
  region size 2048K, 1 young (2048K), 1 survivors (2048K)
 Metaspace       used 46287K, capacity 46705K, committed 46848K, reserved 1091584K
  class space    used 4869K, capacity 5008K, committed 5120K, reserved 1048576K
}

Deoptimization events (20 events):
Event: 34.031 Thread 0x0000017f98fe2870 DEOPT PACKING pc=0x0000017f87c76e60 sp=0x0000003c833fe9b0
Event: 34.031 Thread 0x0000017f98fe2870 DEOPT UNPACKING pc=0x0000017f8000852f sp=0x0000003c833fe948 mode 2
Event: 34.148 Thread 0x0000017f985a4d40 DEOPT PACKING pc=0x0000017f80d46841 sp=0x0000003c839fcf50
Event: 34.148 Thread 0x0000017f985a4d40 DEOPT UNPACKING pc=0x0000017f8004f6cf sp=0x0000003c839fc400 mode 0
Event: 34.164 Thread 0x0000017f9a856040 Uncommon trap: trap_request=0xffffffbe fr.pc=0x0000017f87cbe14c relative=0x00000000000009cc
Event: 34.164 Thread 0x0000017f9a856040 Uncommon trap: reason=profile_predicate action=maybe_recompile pc=0x0000017f87cbe14c method=java.util.TreeMap.getEntry(Ljava/lang/Object;)Ljava/util/TreeMap$Entry; @ 29 c2
Event: 34.164 Thread 0x0000017f9a856040 DEOPT PACKING pc=0x0000017f87cbe14c sp=0x0000003c835fc860
Event: 34.164 Thread 0x0000017f9a856040 DEOPT UNPACKING pc=0x0000017f8000852f sp=0x0000003c835fc808 mode 2
Event: 34.164 Thread 0x0000017f9a856040 Uncommon trap: trap_request=0xffffffbe fr.pc=0x0000017f87cbe14c relative=0x00000000000009cc
Event: 34.164 Thread 0x0000017f9a856040 Uncommon trap: reason=profile_predicate action=maybe_recompile pc=0x0000017f87cbe14c method=java.util.TreeMap.getEntry(Ljava/lang/Object;)Ljava/util/TreeMap$Entry; @ 29 c2
Event: 34.164 Thread 0x0000017f9a856040 DEOPT PACKING pc=0x0000017f87cbe14c sp=0x0000003c835fc860
Event: 34.164 Thread 0x0000017f9a856040 DEOPT UNPACKING pc=0x0000017f8000852f sp=0x0000003c835fc808 mode 2
Event: 34.164 Thread 0x0000017f9a856040 Uncommon trap: trap_request=0xffffffbe fr.pc=0x0000017f87cbe14c relative=0x00000000000009cc
Event: 34.164 Thread 0x0000017f9a856040 Uncommon trap: reason=profile_predicate action=maybe_recompile pc=0x0000017f87cbe14c method=java.util.TreeMap.getEntry(Ljava/lang/Object;)Ljava/util/TreeMap$Entry; @ 29 c2
Event: 34.164 Thread 0x0000017f9a856040 DEOPT PACKING pc=0x0000017f87cbe14c sp=0x0000003c835fc860
Event: 34.164 Thread 0x0000017f9a856040 DEOPT UNPACKING pc=0x0000017f8000852f sp=0x0000003c835fc808 mode 2
Event: 34.164 Thread 0x0000017f9a856040 Uncommon trap: trap_request=0xffffffbe fr.pc=0x0000017f87cbe14c relative=0x00000000000009cc
Event: 34.164 Thread 0x0000017f9a856040 Uncommon trap: reason=profile_predicate action=maybe_recompile pc=0x0000017f87cbe14c method=java.util.TreeMap.getEntry(Ljava/lang/Object;)Ljava/util/TreeMap$Entry; @ 29 c2
Event: 34.164 Thread 0x0000017f9a856040 DEOPT PACKING pc=0x0000017f87cbe14c sp=0x0000003c835fc860
Event: 34.164 Thread 0x0000017f9a856040 DEOPT UNPACKING pc=0x0000017f8000852f sp=0x0000003c835fc808 mode 2

Classes unloaded (0 events):
No events

Classes redefined (0 events):
No events

Internal exceptions (20 events):
Event: 2.913 Thread 0x0000017ff52a54c0 Exception <a 'java/lang/ClassNotFoundException'{0x0000000705f34b58}: org/springframework/boot/autoconfigure/web/servlet/WebMvcAutoConfiguration$EnableWebMvcConfigurationCustomizer> (0x0000000705f34b58) 
thrown [./open/src/hotspot/share/classfile/systemDictionary.cpp, line 295]
Event: 2.914 Thread 0x0000017ff52a54c0 Exception <a 'java/lang/ClassNotFoundException'{0x0000000705f46b58}: org/springframework/context/ResourceLoaderAwareCustomizer> (0x0000000705f46b58) 
thrown [./open/src/hotspot/share/classfile/systemDictionary.cpp, line 295]
Event: 2.914 Thread 0x0000017ff52a54c0 Exception <a 'java/lang/ClassNotFoundException'{0x0000000705f4a970}: org/springframework/beans/factory/AwareCustomizer> (0x0000000705f4a970) 
thrown [./open/src/hotspot/share/classfile/systemDictionary.cpp, line 295]
Event: 2.914 Thread 0x0000017ff52a54c0 Exception <a 'java/lang/ClassNotFoundException'{0x0000000705f4daf8}: org/springframework/context/ApplicationContextAwareCustomizer> (0x0000000705f4daf8) 
thrown [./open/src/hotspot/share/classfile/systemDictionary.cpp, line 295]
Event: 2.915 Thread 0x0000017ff52a54c0 Exception <a 'java/lang/ClassNotFoundException'{0x0000000705f524f0}: org/springframework/beans/factory/AwareCustomizer> (0x0000000705f524f0) 
thrown [./open/src/hotspot/share/classfile/systemDictionary.cpp, line 295]
Event: 2.915 Thread 0x0000017ff52a54c0 Exception <a 'java/lang/ClassNotFoundException'{0x0000000705f55650}: org/springframework/web/context/ServletContextAwareCustomizer> (0x0000000705f55650) 
thrown [./open/src/hotspot/share/classfile/systemDictionary.cpp, line 295]
Event: 2.915 Thread 0x0000017ff52a54c0 Exception <a 'java/lang/ClassNotFoundException'{0x0000000705f598c0}: org/springframework/beans/factory/AwareCustomizer> (0x0000000705f598c0) 
thrown [./open/src/hotspot/share/classfile/systemDictionary.cpp, line 295]
Event: 3.008 Thread 0x0000017ff52a54c0 Exception <a 'java/lang/NoSuchMethodError'{0x0000000705b927b8}: 'void java.lang.invoke.DirectMethodHandle$Holder.invokeVirtual(java.lang.Object, java.lang.Object, int)'> (0x0000000705b927b8) 
thrown [./open/src/hotspot/share/interpreter/linkResolver.cpp, line 782]
Event: 3.010 Thread 0x0000017ff52a54c0 Exception <a 'java/lang/NoSuchMethodError'{0x0000000705baea38}: 'void java.lang.invoke.DirectMethodHandle$Holder.invokeVirtual(java.lang.Object, java.lang.Object, long)'> (0x0000000705baea38) 
thrown [./open/src/hotspot/share/interpreter/linkResolver.cpp, line 782]
Event: 3.122 Thread 0x0000017ff52a54c0 Exception <a 'java/lang/IncompatibleClassChangeError'{0x00000007054ab060}: Found class java.lang.Object, but interface was expected> (0x00000007054ab060) 
thrown [./open/src/hotspot/share/interpreter/linkResolver.cpp, line 848]
Event: 3.149 Thread 0x0000017ff52a54c0 Exception <a 'java/lang/NoSuchMethodError'{0x00000007055e9e80}: 'int java.lang.invoke.DirectMethodHandle$Holder.invokeStaticInit(java.lang.Object, java.lang.Object, java.lang.Object, java.lang.Object)'> (0x00000007055e9e80) 
thrown [./open/src/hotspot/share/interpreter/linkResolver.cpp, line 782]
Event: 3.179 Thread 0x0000017ff52a54c0 Exception <a 'java/lang/NoSuchMethodError'{0x0000000705353a20}: 'java.lang.Object java.lang.invoke.DirectMethodHandle$Holder.newInvokeSpecial(java.lang.Object, java.lang.Object, int, java.lang.Object, java.lang.Object)'> (0x0000000705353a20) 
thrown [./open/src/hotspot/share/interpreter/linkResolver.cpp, line 782]
Event: 3.180 Thread 0x0000017ff52a54c0 Exception <a 'java/lang/NoSuchMethodError'{0x000000070535f728}: 'java.lang.Object java.lang.invoke.DirectMethodHandle$Holder.invokeSpecial(java.lang.Object, java.lang.Object, int, java.lang.Object, int, java.lang.Object)'> (0x000000070535f728) 
thrown [./open/src/hotspot/share/interpreter/linkResolver.cpp, line 782]
Event: 3.181 Thread 0x0000017ff52a54c0 Exception <a 'java/lang/NoSuchMethodError'{0x0000000705367f10}: 'java.lang.Object java.lang.invoke.DirectMethodHandle$Holder.newInvokeSpecial(java.lang.Object, java.lang.Object, int, java.lang.Object, int)'> (0x0000000705367f10) 
thrown [./open/src/hotspot/share/interpreter/linkResolver.cpp, line 782]
Event: 3.181 Thread 0x0000017ff52a54c0 Exception <a 'java/lang/NoSuchMethodError'{0x000000070536c120}: 'java.lang.Object java.lang.invoke.DirectMethodHandle$Holder.invokeSpecial(java.lang.Object, java.lang.Object, java.lang.Object, int, java.lang.Object, int)'> (0x000000070536c120) 
thrown [./open/src/hotspot/share/interpreter/linkResolver.cpp, line 782]
Event: 3.182 Thread 0x0000017ff52a54c0 Exception <a 'java/lang/NoSuchMethodError'{0x0000000705376a70}: 'void java.lang.invoke.DirectMethodHandle$Holder.invokeVirtual(java.lang.Object, java.lang.Object)'> (0x0000000705376a70) 
thrown [./open/src/hotspot/share/interpreter/linkResolver.cpp, line 782]
Event: 8.134 Thread 0x0000017f9b5985f0 Implicit null exception at 0x0000017f87cb815a to 0x0000017f87cb83a0
Event: 8.134 Thread 0x0000017f98fe2870 Implicit null exception at 0x0000017f87cb815a to 0x0000017f87cb83a0
Event: 8.134 Thread 0x0000017f98490090 Implicit null exception at 0x0000017f87cb815a to 0x0000017f87cb83a0
Event: 20.444 Thread 0x0000017f9734bb30 Exception <a 'java/lang/NoSuchMethodError'{0x00000007066d1d68}: 'java.lang.Object java.lang.invoke.DirectMethodHandle$Holder.invokeStatic(java.lang.Object, int, int)'> (0x00000007066d1d68) 
thrown [./open/src/hotspot/share/interpreter/linkResolver.cpp, line 782]

Events (20 events):
Event: 35.125 Executing VM operation: HandshakeAllThreads done
Event: 35.138 Thread 0x0000017f96db6660 Thread added: 0x0000017f96db6660
Event: 35.205 Executing VM operation: ICBufferFull
Event: 35.205 Executing VM operation: ICBufferFull done
Event: 35.205 Executing VM operation: HandshakeAllThreads
Event: 35.205 Executing VM operation: HandshakeAllThreads done
Event: 35.219 Thread 0x0000017f98d52aa0 Thread added: 0x0000017f98d52aa0
Event: 35.563 Executing VM operation: G1CollectForAllocation
Event: 35.569 Executing VM operation: G1CollectForAllocation done
Event: 35.569 Executing VM operation: HandshakeAllThreads
Event: 35.570 Executing VM operation: HandshakeAllThreads done
Event: 35.570 Executing VM operation: HandshakeAllThreads
Event: 35.570 Executing VM operation: HandshakeAllThreads done
Event: 35.864 Thread 0x0000017f95f08e90 Thread exited: 0x0000017f95f08e90
Event: 35.866 Thread 0x0000017f96d2c0f0 Thread exited: 0x0000017f96d2c0f0
Event: 35.872 Thread 0x0000017f959ff9e0 Thread exited: 0x0000017f959ff9e0
Event: 35.888 loading class sun/util/locale/LocaleExtensions
Event: 35.889 loading class sun/util/locale/LocaleExtensions done
Event: 36.190 Executing VM operation: G1CollectForAllocation
Event: 36.211 Executing VM operation: G1CollectForAllocation done


Dynamic libraries:
0x00007ff6f19d0000 - 0x00007ff6f19dd000 	C:\Users\ferra\Desktop\eclipse-jee-2021-03-R-win32-x86_64\eclipse\plugins\org.eclipse.justj.openjdk.hotspot.jre.full.win32.x86_64_15.0.2.v20210201-0955\jre\bin\javaw.exe
0x00007ffd64370000 - 0x00007ffd64584000 	C:\WINDOWS\SYSTEM32\ntdll.dll
0x00007ffd62340000 - 0x00007ffd62403000 	C:\WINDOWS\System32\KERNEL32.DLL
0x00007ffd61cb0000 - 0x00007ffd6204c000 	C:\WINDOWS\System32\KERNELBASE.dll
0x00007ffd619f0000 - 0x00007ffd61b01000 	C:\WINDOWS\System32\ucrtbase.dll
0x00007ffd5db70000 - 0x00007ffd5db88000 	C:\Users\ferra\Desktop\eclipse-jee-2021-03-R-win32-x86_64\eclipse\plugins\org.eclipse.justj.openjdk.hotspot.jre.full.win32.x86_64_15.0.2.v20210201-0955\jre\bin\jli.dll
0x00007ffd42760000 - 0x00007ffd42779000 	C:\Users\ferra\Desktop\eclipse-jee-2021-03-R-win32-x86_64\eclipse\plugins\org.eclipse.justj.openjdk.hotspot.jre.full.win32.x86_64_15.0.2.v20210201-0955\jre\bin\VCRUNTIME140.dll
0x00007ffd62180000 - 0x00007ffd6232d000 	C:\WINDOWS\System32\USER32.dll
0x00007ffd61920000 - 0x00007ffd61946000 	C:\WINDOWS\System32\win32u.dll
0x00007ffd40350000 - 0x00007ffd405de000 	C:\WINDOWS\WinSxS\amd64_microsoft.windows.common-controls_6595b64144ccf1df_6.0.22621.608_none_a9444ca7c10bb01d\COMCTL32.dll
0x00007ffd629a0000 - 0x00007ffd629c9000 	C:\WINDOWS\System32\GDI32.dll
0x00007ffd63db0000 - 0x00007ffd63e57000 	C:\WINDOWS\System32\msvcrt.dll
0x00007ffd61b10000 - 0x00007ffd61c23000 	C:\WINDOWS\System32\gdi32full.dll
0x00007ffd61950000 - 0x00007ffd619ea000 	C:\WINDOWS\System32\msvcp_win.dll
0x00007ffd641d0000 - 0x00007ffd64201000 	C:\WINDOWS\System32\IMM32.DLL
0x00007ffd5db60000 - 0x00007ffd5db6c000 	C:\Users\ferra\Desktop\eclipse-jee-2021-03-R-win32-x86_64\eclipse\plugins\org.eclipse.justj.openjdk.hotspot.jre.full.win32.x86_64_15.0.2.v20210201-0955\jre\bin\vcruntime140_1.dll
0x00007ffd37570000 - 0x00007ffd37601000 	C:\Users\ferra\Desktop\eclipse-jee-2021-03-R-win32-x86_64\eclipse\plugins\org.eclipse.justj.openjdk.hotspot.jre.full.win32.x86_64_15.0.2.v20210201-0955\jre\bin\msvcp140.dll
0x00007ffcd0bf0000 - 0x00007ffcd174e000 	C:\Users\ferra\Desktop\eclipse-jee-2021-03-R-win32-x86_64\eclipse\plugins\org.eclipse.justj.openjdk.hotspot.jre.full.win32.x86_64_15.0.2.v20210201-0955\jre\bin\server\jvm.dll
0x00007ffd63b70000 - 0x00007ffd63c1e000 	C:\WINDOWS\System32\ADVAPI32.dll
0x00007ffd62890000 - 0x00007ffd62934000 	C:\WINDOWS\System32\sechost.dll
0x00007ffd63c80000 - 0x00007ffd63d95000 	C:\WINDOWS\System32\RPCRT4.dll
0x00007ffd62cc0000 - 0x00007ffd62cc8000 	C:\WINDOWS\System32\PSAPI.DLL
0x00007ffd5b630000 - 0x00007ffd5b639000 	C:\WINDOWS\SYSTEM32\WSOCK32.dll
0x00007ffd58cb0000 - 0x00007ffd58ce4000 	C:\WINDOWS\SYSTEM32\WINMM.dll
0x00007ffd62b90000 - 0x00007ffd62c01000 	C:\WINDOWS\System32\WS2_32.dll
0x00007ffd592e0000 - 0x00007ffd592ea000 	C:\WINDOWS\SYSTEM32\VERSION.dll
0x00007ffd608d0000 - 0x00007ffd608e8000 	C:\WINDOWS\SYSTEM32\kernel.appcore.dll
0x00007ffd37190000 - 0x00007ffd3719a000 	C:\Users\ferra\Desktop\eclipse-jee-2021-03-R-win32-x86_64\eclipse\plugins\org.eclipse.justj.openjdk.hotspot.jre.full.win32.x86_64_15.0.2.v20210201-0955\jre\bin\jimage.dll
0x00007ffd5f1b0000 - 0x00007ffd5f3de000 	C:\WINDOWS\SYSTEM32\DBGHELP.DLL
0x00007ffd637d0000 - 0x00007ffd63b59000 	C:\WINDOWS\System32\combase.dll
0x00007ffd62cd0000 - 0x00007ffd62da7000 	C:\WINDOWS\System32\OLEAUT32.dll
0x00007ffd4eea0000 - 0x00007ffd4eed2000 	C:\WINDOWS\SYSTEM32\dbgcore.DLL
0x00007ffd61c30000 - 0x00007ffd61cab000 	C:\WINDOWS\System32\bcryptPrimitives.dll
0x00007ffd24150000 - 0x00007ffd24175000 	C:\Users\ferra\Desktop\eclipse-jee-2021-03-R-win32-x86_64\eclipse\plugins\org.eclipse.justj.openjdk.hotspot.jre.full.win32.x86_64_15.0.2.v20210201-0955\jre\bin\java.dll
0x00007ffd36680000 - 0x00007ffd36698000 	C:\Users\ferra\Desktop\eclipse-jee-2021-03-R-win32-x86_64\eclipse\plugins\org.eclipse.justj.openjdk.hotspot.jre.full.win32.x86_64_15.0.2.v20210201-0955\jre\bin\zip.dll
0x00007ffd62f50000 - 0x00007ffd63740000 	C:\WINDOWS\System32\SHELL32.dll
0x00007ffd5f3e0000 - 0x00007ffd5fcae000 	C:\WINDOWS\SYSTEM32\windows.storage.dll
0x00007ffd5f070000 - 0x00007ffd5f1ae000 	C:\WINDOWS\SYSTEM32\wintypes.dll
0x00007ffd63eb0000 - 0x00007ffd63fa1000 	C:\WINDOWS\System32\SHCORE.dll
0x00007ffd62940000 - 0x00007ffd6299e000 	C:\WINDOWS\System32\shlwapi.dll
0x00007ffd616e0000 - 0x00007ffd61701000 	C:\WINDOWS\SYSTEM32\profapi.dll
0x00007ffd26050000 - 0x00007ffd26069000 	C:\Users\ferra\Desktop\eclipse-jee-2021-03-R-win32-x86_64\eclipse\plugins\org.eclipse.justj.openjdk.hotspot.jre.full.win32.x86_64_15.0.2.v20210201-0955\jre\bin\net.dll
0x00007ffd58fc0000 - 0x00007ffd590ef000 	C:\WINDOWS\SYSTEM32\WINHTTP.dll
0x00007ffd60d60000 - 0x00007ffd60dc9000 	C:\WINDOWS\system32\mswsock.dll
0x00007ffd25f80000 - 0x00007ffd25f92000 	C:\Users\ferra\Desktop\eclipse-jee-2021-03-R-win32-x86_64\eclipse\plugins\org.eclipse.justj.openjdk.hotspot.jre.full.win32.x86_64_15.0.2.v20210201-0955\jre\bin\nio.dll
0x00007ffd355b0000 - 0x00007ffd355c0000 	C:\Users\ferra\Desktop\eclipse-jee-2021-03-R-win32-x86_64\eclipse\plugins\org.eclipse.justj.openjdk.hotspot.jre.full.win32.x86_64_15.0.2.v20210201-0955\jre\bin\verify.dll
0x00007ffd34e90000 - 0x00007ffd34e99000 	C:\Users\ferra\Desktop\eclipse-jee-2021-03-R-win32-x86_64\eclipse\plugins\org.eclipse.justj.openjdk.hotspot.jre.full.win32.x86_64_15.0.2.v20210201-0955\jre\bin\management.dll
0x00007ffd34510000 - 0x00007ffd3451b000 	C:\Users\ferra\Desktop\eclipse-jee-2021-03-R-win32-x86_64\eclipse\plugins\org.eclipse.justj.openjdk.hotspot.jre.full.win32.x86_64_15.0.2.v20210201-0955\jre\bin\management_ext.dll
0x00007ffd27d00000 - 0x00007ffd27d17000 	C:\WINDOWS\system32\napinsp.dll
0x00007ffd27ce0000 - 0x00007ffd27cfb000 	C:\WINDOWS\system32\pnrpnsp.dll
0x00007ffd60380000 - 0x00007ffd60473000 	C:\WINDOWS\SYSTEM32\DNSAPI.dll
0x00007ffd60310000 - 0x00007ffd6033d000 	C:\WINDOWS\SYSTEM32\IPHLPAPI.DLL
0x00007ffd63da0000 - 0x00007ffd63da9000 	C:\WINDOWS\System32\NSI.dll
0x00007ffd27e90000 - 0x00007ffd27ea1000 	C:\WINDOWS\System32\winrnr.dll
0x00007ffd58b50000 - 0x00007ffd58b65000 	C:\WINDOWS\system32\wshbth.dll
0x00007ffd27860000 - 0x00007ffd27881000 	C:\WINDOWS\system32\nlansp_c.dll
0x00007ffd4eff0000 - 0x00007ffd4effa000 	C:\Windows\System32\rasadhlp.dll
0x00007ffd58120000 - 0x00007ffd581a3000 	C:\WINDOWS\System32\fwpuclnt.dll
0x00007ffd60fc0000 - 0x00007ffd60fdb000 	C:\WINDOWS\SYSTEM32\CRYPTSP.dll
0x00007ffd60840000 - 0x00007ffd60875000 	C:\WINDOWS\system32\rsaenh.dll
0x00007ffd60e60000 - 0x00007ffd60e88000 	C:\WINDOWS\SYSTEM32\USERENV.dll
0x00007ffd61180000 - 0x00007ffd611a8000 	C:\WINDOWS\SYSTEM32\bcrypt.dll
0x00007ffd60fe0000 - 0x00007ffd60fec000 	C:\WINDOWS\SYSTEM32\CRYPTBASE.dll
0x00007ffd58d60000 - 0x00007ffd58d79000 	C:\WINDOWS\SYSTEM32\dhcpcsvc6.DLL
0x00007ffd58d40000 - 0x00007ffd58d5f000 	C:\WINDOWS\SYSTEM32\dhcpcsvc.DLL
0x00007ffd35090000 - 0x00007ffd3509d000 	C:\Users\ferra\Desktop\eclipse-jee-2021-03-R-win32-x86_64\eclipse\plugins\org.eclipse.justj.openjdk.hotspot.jre.full.win32.x86_64_15.0.2.v20210201-0955\jre\bin\sunmscapi.dll
0x00007ffd617b0000 - 0x00007ffd61916000 	C:\WINDOWS\System32\CRYPT32.dll
0x00007ffd61150000 - 0x00007ffd6117d000 	C:\WINDOWS\SYSTEM32\ncrypt.dll
0x00007ffd61110000 - 0x00007ffd61147000 	C:\WINDOWS\SYSTEM32\NTASN1.dll

dbghelp: loaded successfully - version: 4.0.5 - missing functions: none
symbol engine: initialized successfully - sym options: 0x614 - pdb path: .;C:\Users\ferra\Desktop\eclipse-jee-2021-03-R-win32-x86_64\eclipse\plugins\org.eclipse.justj.openjdk.hotspot.jre.full.win32.x86_64_15.0.2.v20210201-0955\jre\bin;C:\WINDOWS\SYSTEM32;C:\WINDOWS\WinSxS\amd64_microsoft.windows.common-controls_6595b64144ccf1df_6.0.22621.608_none_a9444ca7c10bb01d;C:\Users\ferra\Desktop\eclipse-jee-2021-03-R-win32-x86_64\eclipse\plugins\org.eclipse.justj.openjdk.hotspot.jre.full.win32.x86_64_15.0.2.v20210201-0955\jre\bin\server

VM Arguments:
jvm_args: -Dfile.encoding=UTF-8 -XX:+ShowCodeDetailsInExceptionMessages 
java_command: com.generation.mysmartwallet.MySmartWalletApplication
java_class_path (initial): C:\Users\ferra\Desktop\corsoGenerationJava\progettoFinale\PROGETTO\mysmartwallet\target\classes;C:\Users\ferra\.m2\repository\org\mindrot\jbcrypt\0.4\jbcrypt-0.4.jar;C:\Users\ferra\.m2\repository\org\springframework\boot\spring-boot-starter-web\2.7.9\spring-boot-starter-web-2.7.9.jar;C:\Users\ferra\.m2\repository\org\springframework\boot\spring-boot-starter\2.7.9\spring-boot-starter-2.7.9.jar;C:\Users\ferra\.m2\repository\org\springframework\boot\spring-boot\2.7.9\spring-boot-2.7.9.jar;C:\Users\ferra\.m2\repository\org\springframework\boot\spring-boot-autoconfigure\2.7.9\spring-boot-autoconfigure-2.7.9.jar;C:\Users\ferra\.m2\repository\org\springframework\boot\spring-boot-starter-logging\2.7.9\spring-boot-starter-logging-2.7.9.jar;C:\Users\ferra\.m2\repository\ch\qos\logback\logback-classic\1.2.11\logback-classic-1.2.11.jar;C:\Users\ferra\.m2\repository\ch\qos\logback\logback-core\1.2.11\logback-core-1.2.11.jar;C:\Users\ferra\.m2\repository\org\apache\logging\log4j\log4j-to-slf4j\2.17.2\log4j-to-slf4j-2.17.2.jar;C:\Users\ferra\.m2\repository\org\apache\logging\log4j\log4j-api\2.17.2\log4j-api-2.17.2.jar;C:\Users\ferra\.m2\repository\org\slf4j\jul-to-slf4j\1.7.36\jul-to-slf4j-1.7.36.jar;C:\Users\ferra\.m2\repository\org\yaml\snakeyaml\1.30\snakeyaml-1.30.jar;C:\Users\ferra\.m2\repository\org\springframework\boot\spring-boot-starter-json\2.7.9\spring-boot-starter-json-2.7.9.jar;C:\Users\ferra\.m2\repository\com\fasterxml\jackson\core\jackson-databind\2.13.5\jackson-databind-2.13.5.jar;C:\Users\ferra\.m2\repository\com\fasterxml\jackson\core\jackson-annotations\2.13.5\jackson-annotations-2.13.5.jar;C:\Users\ferra\.m2\repository\com\fasterxml\jackson\core\jackson-core\2.13.5\jackson-core-2.13.5.jar;C:\Users\ferra\.m2\repository\com\fasterxml\jackson\datatype\jackson-datatype-jdk8\2.13.5\jackson-datatype-jdk8-2.13.5.jar;C:\Users\ferra\.m2\repository\com\fasterxml\jackson\datatype\jackson-datatype-jsr310\2.13.5\jackson-datatype-jsr310-2.13.5.j
Launcher Type: SUN_STANDARD

[Global flags]
     intx CICompilerCount                          = 12                                        {product} {ergonomic}
     uint ConcGCThreads                            = 3                                         {product} {ergonomic}
     uint G1ConcRefinementThreads                  = 13                                        {product} {ergonomic}
   size_t G1HeapRegionSize                         = 2097152                                   {product} {ergonomic}
    uintx GCDrainStackTargetSize                   = 64                                        {product} {ergonomic}
   size_t InitialHeapSize                          = 266338304                                 {product} {ergonomic}
   size_t MarkStackSize                            = 4194304                                   {product} {ergonomic}
   size_t MaxHeapSize                              = 4234149888                                {product} {ergonomic}
   size_t MaxNewSize                               = 2539651072                                {product} {ergonomic}
   size_t MinHeapDeltaBytes                        = 2097152                                   {product} {ergonomic}
   size_t MinHeapSize                              = 8388608                                   {product} {ergonomic}
    uintx NonNMethodCodeHeapSize                   = 7602480                                {pd product} {ergonomic}
    uintx NonProfiledCodeHeapSize                  = 122027880                              {pd product} {ergonomic}
    uintx ProfiledCodeHeapSize                     = 122027880                              {pd product} {ergonomic}
    uintx ReservedCodeCacheSize                    = 251658240                              {pd product} {ergonomic}
     bool SegmentedCodeCache                       = true                                      {product} {ergonomic}
     bool ShowCodeDetailsInExceptionMessages       = true                                   {manageable} {command line}
   size_t SoftMaxHeapSize                          = 4234149888                             {manageable} {ergonomic}
     bool UseCompressedClassPointers               = true                                 {lp64_product} {ergonomic}
     bool UseCompressedOops                        = true                                 {lp64_product} {ergonomic}
     bool UseG1GC                                  = true                                      {product} {ergonomic}
     bool UseLargePagesIndividualAllocation        = false                                  {pd product} {ergonomic}

Logging:
Log output configuration:
 #0: stdout all=warning uptime,level,tags
 #1: stderr all=off uptime,level,tags

Environment Variables:
PATH=C:/Users/ferra/Desktop/eclipse-jee-2021-03-R-win32-x86_64/eclipse//plugins/org.eclipse.justj.openjdk.hotspot.jre.full.win32.x86_64_15.0.2.v20210201-0955/jre/bin/server;C:/Users/ferra/Desktop/eclipse-jee-2021-03-R-win32-x86_64/eclipse//plugins/org.eclipse.justj.openjdk.hotspot.jre.full.win32.x86_64_15.0.2.v20210201-0955/jre/bin;C:\Users\ferra\AppData\Local\Program;C:\Program Files\Java\jdk-19\bin;C:\Users\ferra\AppData\Local\Programs\Python\Python311\Scripts\;C:\Users\ferra\AppData\Local\Programs\Python\Python311\;C:\Users\ferra\AppData\Local\Programs\Python\Python310\Scripts\;C:\Users\ferra\AppData\Local\Programs\Python\Python310\;C:\Program Files\MySQL\MySQL Shell 8.0\bin\;C:\Users\ferra\AppData\Local\Microsoft\WindowsApps;C:\Users\ferra\AppData\Local\Programs\Microsoft VS Code\bin;C:\WinNMP\bin;C:\Users\ferra\AppData\Local\Programs\Python\Python310\Scripts;C:\Users\ferra\AppData\Roaming\npm;C:\Users\ferra\Desktop\eclipse-jee-2021-03-R-win32-x86_64\eclipse;
USERNAME=Giampiero Ferraro
OS=Windows_NT
PROCESSOR_IDENTIFIER=Intel64 Family 6 Model 141 Stepping 1, GenuineIntel



---------------  S Y S T E M  ---------------

OS:
 Windows 10 , 64 bit Build 22621 (10.0.22621.1344)
OS uptime: 0 days 14:12 hours
HyperV virtualization detected

CPU: total 16 (initial active 16) (8 cores per cpu, 2 threads per core) family 6 model 141 stepping 1 microcode 0x3c, cmov, cx8, fxsr, mmx, sse, sse2, sse3, ssse3, sse4.1, sse4.2, popcnt, vzeroupper, avx, avx2, aes, clmul, erms, 3dnowpref, lzcnt, ht, tsc, tscinvbit, bmi1, bmi2, adx, avx512f, avx512dq, avx512cd, avx512bw, avx512vl, avx512_vpopcntdq, avx512_vpclmulqdq, avx512_vbmi, avx512_vbmi2, avx512_vaes, avx512_vnni, sha, fma, clflush, clflushopt, clwb

Memory: 4k page, system-wide physical 16147M (5352M free)
TotalPageFile size 19061M (AvailPageFile size 5M)
current process WorkingSet (physical memory assigned to process): 278M, peak: 287M
current process commit charge ("private bytes"): 325M, peak: 389M

vm_info: OpenJDK 64-Bit Server VM (15.0.2+7-27) for windows-amd64 JRE (15.0.2+7-27), built on Dec  7 2020 20:02:38 by "mach5one" with unknown MS VC++:1925

END.
